<?xml version="1.0" encoding="UTF-8"?>
<testsuite xmlns:xsi="http://www.w3.org/2001/XMLSchema-instance" xsi:noNamespaceSchemaLocation="https://maven.apache.org/surefire/maven-surefire-plugin/xsd/surefire-test-report.xsd" name="com.example.conexatest.conexatest.FilmServiceTest" time="0.544" tests="4" errors="4" skipped="0" failures="0">
  <properties>
    <property name="java.specification.version" value="17"/>
    <property name="sun.cpu.isalist" value="amd64"/>
    <property name="sun.jnu.encoding" value="Cp1252"/>
    <property name="java.class.path" value="C:\Users\juanfe\Desktop\Conexa\conexatest\target\test-classes;C:\Users\juanfe\Desktop\Conexa\conexatest\target\classes;C:\Users\juanfe\.m2\repository\org\springframework\boot\spring-boot-starter-data-jpa\2.7.18\spring-boot-starter-data-jpa-2.7.18.jar;C:\Users\juanfe\.m2\repository\org\springframework\boot\spring-boot-starter-aop\2.7.18\spring-boot-starter-aop-2.7.18.jar;C:\Users\juanfe\.m2\repository\org\aspectj\aspectjweaver\1.9.7\aspectjweaver-1.9.7.jar;C:\Users\juanfe\.m2\repository\org\springframework\boot\spring-boot-starter-jdbc\2.7.18\spring-boot-starter-jdbc-2.7.18.jar;C:\Users\juanfe\.m2\repository\com\zaxxer\HikariCP\4.0.3\HikariCP-4.0.3.jar;C:\Users\juanfe\.m2\repository\org\springframework\spring-jdbc\5.3.31\spring-jdbc-5.3.31.jar;C:\Users\juanfe\.m2\repository\jakarta\transaction\jakarta.transaction-api\1.3.3\jakarta.transaction-api-1.3.3.jar;C:\Users\juanfe\.m2\repository\jakarta\persistence\jakarta.persistence-api\2.2.3\jakarta.persistence-api-2.2.3.jar;C:\Users\juanfe\.m2\repository\org\hibernate\hibernate-core\5.6.15.Final\hibernate-core-5.6.15.Final.jar;C:\Users\juanfe\.m2\repository\org\jboss\logging\jboss-logging\3.4.3.Final\jboss-logging-3.4.3.Final.jar;C:\Users\juanfe\.m2\repository\antlr\antlr\2.7.7\antlr-2.7.7.jar;C:\Users\juanfe\.m2\repository\org\jboss\jandex\2.4.2.Final\jandex-2.4.2.Final.jar;C:\Users\juanfe\.m2\repository\com\fasterxml\classmate\1.5.1\classmate-1.5.1.jar;C:\Users\juanfe\.m2\repository\org\hibernate\common\hibernate-commons-annotations\5.1.2.Final\hibernate-commons-annotations-5.1.2.Final.jar;C:\Users\juanfe\.m2\repository\org\glassfish\jaxb\jaxb-runtime\2.3.9\jaxb-runtime-2.3.9.jar;C:\Users\juanfe\.m2\repository\org\glassfish\jaxb\txw2\2.3.9\txw2-2.3.9.jar;C:\Users\juanfe\.m2\repository\com\sun\istack\istack-commons-runtime\3.0.12\istack-commons-runtime-3.0.12.jar;C:\Users\juanfe\.m2\repository\com\sun\activation\jakarta.activation\1.2.2\jakarta.activation-1.2.2.jar;C:\Users\juanfe\.m2\repository\org\springframework\data\spring-data-jpa\2.7.18\spring-data-jpa-2.7.18.jar;C:\Users\juanfe\.m2\repository\org\springframework\data\spring-data-commons\2.7.18\spring-data-commons-2.7.18.jar;C:\Users\juanfe\.m2\repository\org\springframework\spring-orm\5.3.31\spring-orm-5.3.31.jar;C:\Users\juanfe\.m2\repository\org\springframework\spring-context\5.3.31\spring-context-5.3.31.jar;C:\Users\juanfe\.m2\repository\org\springframework\spring-tx\5.3.31\spring-tx-5.3.31.jar;C:\Users\juanfe\.m2\repository\org\springframework\spring-beans\5.3.31\spring-beans-5.3.31.jar;C:\Users\juanfe\.m2\repository\org\slf4j\slf4j-api\1.7.36\slf4j-api-1.7.36.jar;C:\Users\juanfe\.m2\repository\org\springframework\spring-aspects\5.3.31\spring-aspects-5.3.31.jar;C:\Users\juanfe\.m2\repository\org\springframework\boot\spring-boot-starter-web\2.7.18\spring-boot-starter-web-2.7.18.jar;C:\Users\juanfe\.m2\repository\org\springframework\boot\spring-boot-starter\2.7.18\spring-boot-starter-2.7.18.jar;C:\Users\juanfe\.m2\repository\org\springframework\boot\spring-boot-starter-logging\2.7.18\spring-boot-starter-logging-2.7.18.jar;C:\Users\juanfe\.m2\repository\ch\qos\logback\logback-classic\1.2.12\logback-classic-1.2.12.jar;C:\Users\juanfe\.m2\repository\ch\qos\logback\logback-core\1.2.12\logback-core-1.2.12.jar;C:\Users\juanfe\.m2\repository\org\apache\logging\log4j\log4j-to-slf4j\2.17.2\log4j-to-slf4j-2.17.2.jar;C:\Users\juanfe\.m2\repository\org\apache\logging\log4j\log4j-api\2.17.2\log4j-api-2.17.2.jar;C:\Users\juanfe\.m2\repository\org\slf4j\jul-to-slf4j\1.7.36\jul-to-slf4j-1.7.36.jar;C:\Users\juanfe\.m2\repository\jakarta\annotation\jakarta.annotation-api\1.3.5\jakarta.annotation-api-1.3.5.jar;C:\Users\juanfe\.m2\repository\org\yaml\snakeyaml\1.30\snakeyaml-1.30.jar;C:\Users\juanfe\.m2\repository\org\springframework\boot\spring-boot-starter-json\2.7.18\spring-boot-starter-json-2.7.18.jar;C:\Users\juanfe\.m2\repository\com\fasterxml\jackson\core\jackson-databind\2.13.5\jackson-databind-2.13.5.jar;C:\Users\juanfe\.m2\repository\com\fasterxml\jackson\core\jackson-annotations\2.13.5\jackson-annotations-2.13.5.jar;C:\Users\juanfe\.m2\repository\com\fasterxml\jackson\core\jackson-core\2.13.5\jackson-core-2.13.5.jar;C:\Users\juanfe\.m2\repository\com\fasterxml\jackson\datatype\jackson-datatype-jdk8\2.13.5\jackson-datatype-jdk8-2.13.5.jar;C:\Users\juanfe\.m2\repository\com\fasterxml\jackson\datatype\jackson-datatype-jsr310\2.13.5\jackson-datatype-jsr310-2.13.5.jar;C:\Users\juanfe\.m2\repository\com\fasterxml\jackson\module\jackson-module-parameter-names\2.13.5\jackson-module-parameter-names-2.13.5.jar;C:\Users\juanfe\.m2\repository\org\springframework\boot\spring-boot-starter-tomcat\2.7.18\spring-boot-starter-tomcat-2.7.18.jar;C:\Users\juanfe\.m2\repository\org\apache\tomcat\embed\tomcat-embed-core\9.0.83\tomcat-embed-core-9.0.83.jar;C:\Users\juanfe\.m2\repository\org\apache\tomcat\embed\tomcat-embed-el\9.0.83\tomcat-embed-el-9.0.83.jar;C:\Users\juanfe\.m2\repository\org\apache\tomcat\embed\tomcat-embed-websocket\9.0.83\tomcat-embed-websocket-9.0.83.jar;C:\Users\juanfe\.m2\repository\org\springframework\spring-web\5.3.31\spring-web-5.3.31.jar;C:\Users\juanfe\.m2\repository\org\springframework\spring-webmvc\5.3.31\spring-webmvc-5.3.31.jar;C:\Users\juanfe\.m2\repository\org\springframework\spring-expression\5.3.31\spring-expression-5.3.31.jar;C:\Users\juanfe\.m2\repository\org\springframework\boot\spring-boot-starter-webflux\2.7.18\spring-boot-starter-webflux-2.7.18.jar;C:\Users\juanfe\.m2\repository\org\springframework\boot\spring-boot-starter-reactor-netty\2.7.18\spring-boot-starter-reactor-netty-2.7.18.jar;C:\Users\juanfe\.m2\repository\io\projectreactor\netty\reactor-netty-http\1.0.39\reactor-netty-http-1.0.39.jar;C:\Users\juanfe\.m2\repository\io\netty\netty-codec-http\4.1.101.Final\netty-codec-http-4.1.101.Final.jar;C:\Users\juanfe\.m2\repository\io\netty\netty-common\4.1.101.Final\netty-common-4.1.101.Final.jar;C:\Users\juanfe\.m2\repository\io\netty\netty-buffer\4.1.101.Final\netty-buffer-4.1.101.Final.jar;C:\Users\juanfe\.m2\repository\io\netty\netty-transport\4.1.101.Final\netty-transport-4.1.101.Final.jar;C:\Users\juanfe\.m2\repository\io\netty\netty-codec\4.1.101.Final\netty-codec-4.1.101.Final.jar;C:\Users\juanfe\.m2\repository\io\netty\netty-handler\4.1.101.Final\netty-handler-4.1.101.Final.jar;C:\Users\juanfe\.m2\repository\io\netty\netty-codec-http2\4.1.101.Final\netty-codec-http2-4.1.101.Final.jar;C:\Users\juanfe\.m2\repository\io\netty\netty-resolver-dns\4.1.101.Final\netty-resolver-dns-4.1.101.Final.jar;C:\Users\juanfe\.m2\repository\io\netty\netty-resolver\4.1.101.Final\netty-resolver-4.1.101.Final.jar;C:\Users\juanfe\.m2\repository\io\netty\netty-codec-dns\4.1.101.Final\netty-codec-dns-4.1.101.Final.jar;C:\Users\juanfe\.m2\repository\io\netty\netty-resolver-dns-native-macos\4.1.101.Final\netty-resolver-dns-native-macos-4.1.101.Final-osx-x86_64.jar;C:\Users\juanfe\.m2\repository\io\netty\netty-resolver-dns-classes-macos\4.1.101.Final\netty-resolver-dns-classes-macos-4.1.101.Final.jar;C:\Users\juanfe\.m2\repository\io\netty\netty-transport-native-epoll\4.1.101.Final\netty-transport-native-epoll-4.1.101.Final-linux-x86_64.jar;C:\Users\juanfe\.m2\repository\io\netty\netty-transport-native-unix-common\4.1.101.Final\netty-transport-native-unix-common-4.1.101.Final.jar;C:\Users\juanfe\.m2\repository\io\netty\netty-transport-classes-epoll\4.1.101.Final\netty-transport-classes-epoll-4.1.101.Final.jar;C:\Users\juanfe\.m2\repository\io\projectreactor\netty\reactor-netty-core\1.0.39\reactor-netty-core-1.0.39.jar;C:\Users\juanfe\.m2\repository\io\netty\netty-handler-proxy\4.1.101.Final\netty-handler-proxy-4.1.101.Final.jar;C:\Users\juanfe\.m2\repository\io\netty\netty-codec-socks\4.1.101.Final\netty-codec-socks-4.1.101.Final.jar;C:\Users\juanfe\.m2\repository\org\springframework\spring-webflux\5.3.31\spring-webflux-5.3.31.jar;C:\Users\juanfe\.m2\repository\io\projectreactor\reactor-core\3.4.34\reactor-core-3.4.34.jar;C:\Users\juanfe\.m2\repository\org\reactivestreams\reactive-streams\1.0.4\reactive-streams-1.0.4.jar;C:\Users\juanfe\.m2\repository\org\springframework\boot\spring-boot-starter-security\2.7.18\spring-boot-starter-security-2.7.18.jar;C:\Users\juanfe\.m2\repository\org\springframework\spring-aop\5.3.31\spring-aop-5.3.31.jar;C:\Users\juanfe\.m2\repository\org\springframework\security\spring-security-config\5.7.11\spring-security-config-5.7.11.jar;C:\Users\juanfe\.m2\repository\org\springframework\security\spring-security-core\5.7.11\spring-security-core-5.7.11.jar;C:\Users\juanfe\.m2\repository\org\springframework\security\spring-security-crypto\5.7.11\spring-security-crypto-5.7.11.jar;C:\Users\juanfe\.m2\repository\org\springframework\security\spring-security-web\5.7.11\spring-security-web-5.7.11.jar;C:\Users\juanfe\.m2\repository\org\springframework\boot\spring-boot-devtools\2.7.18\spring-boot-devtools-2.7.18.jar;C:\Users\juanfe\.m2\repository\org\springframework\boot\spring-boot\2.7.18\spring-boot-2.7.18.jar;C:\Users\juanfe\.m2\repository\org\springframework\boot\spring-boot-autoconfigure\2.7.18\spring-boot-autoconfigure-2.7.18.jar;C:\Users\juanfe\.m2\repository\org\projectlombok\lombok\1.18.30\lombok-1.18.30.jar;C:\Users\juanfe\.m2\repository\org\springframework\boot\spring-boot-starter-test\2.7.18\spring-boot-starter-test-2.7.18.jar;C:\Users\juanfe\.m2\repository\org\springframework\boot\spring-boot-test\2.7.18\spring-boot-test-2.7.18.jar;C:\Users\juanfe\.m2\repository\org\springframework\boot\spring-boot-test-autoconfigure\2.7.18\spring-boot-test-autoconfigure-2.7.18.jar;C:\Users\juanfe\.m2\repository\com\jayway\jsonpath\json-path\2.7.0\json-path-2.7.0.jar;C:\Users\juanfe\.m2\repository\net\minidev\json-smart\2.4.11\json-smart-2.4.11.jar;C:\Users\juanfe\.m2\repository\net\minidev\accessors-smart\2.4.11\accessors-smart-2.4.11.jar;C:\Users\juanfe\.m2\repository\org\ow2\asm\asm\9.3\asm-9.3.jar;C:\Users\juanfe\.m2\repository\jakarta\xml\bind\jakarta.xml.bind-api\2.3.3\jakarta.xml.bind-api-2.3.3.jar;C:\Users\juanfe\.m2\repository\jakarta\activation\jakarta.activation-api\1.2.2\jakarta.activation-api-1.2.2.jar;C:\Users\juanfe\.m2\repository\org\assertj\assertj-core\3.22.0\assertj-core-3.22.0.jar;C:\Users\juanfe\.m2\repository\org\hamcrest\hamcrest\2.2\hamcrest-2.2.jar;C:\Users\juanfe\.m2\repository\org\junit\jupiter\junit-jupiter\5.8.2\junit-jupiter-5.8.2.jar;C:\Users\juanfe\.m2\repository\org\junit\jupiter\junit-jupiter-api\5.8.2\junit-jupiter-api-5.8.2.jar;C:\Users\juanfe\.m2\repository\org\opentest4j\opentest4j\1.2.0\opentest4j-1.2.0.jar;C:\Users\juanfe\.m2\repository\org\junit\platform\junit-platform-commons\1.8.2\junit-platform-commons-1.8.2.jar;C:\Users\juanfe\.m2\repository\org\apiguardian\apiguardian-api\1.1.2\apiguardian-api-1.1.2.jar;C:\Users\juanfe\.m2\repository\org\junit\jupiter\junit-jupiter-params\5.8.2\junit-jupiter-params-5.8.2.jar;C:\Users\juanfe\.m2\repository\org\junit\jupiter\junit-jupiter-engine\5.8.2\junit-jupiter-engine-5.8.2.jar;C:\Users\juanfe\.m2\repository\org\junit\platform\junit-platform-engine\1.8.2\junit-platform-engine-1.8.2.jar;C:\Users\juanfe\.m2\repository\org\mockito\mockito-junit-jupiter\4.5.1\mockito-junit-jupiter-4.5.1.jar;C:\Users\juanfe\.m2\repository\org\skyscreamer\jsonassert\1.5.1\jsonassert-1.5.1.jar;C:\Users\juanfe\.m2\repository\com\vaadin\external\google\android-json\0.0.20131108.vaadin1\android-json-0.0.20131108.vaadin1.jar;C:\Users\juanfe\.m2\repository\org\springframework\spring-core\5.3.31\spring-core-5.3.31.jar;C:\Users\juanfe\.m2\repository\org\springframework\spring-jcl\5.3.31\spring-jcl-5.3.31.jar;C:\Users\juanfe\.m2\repository\org\springframework\spring-test\5.3.31\spring-test-5.3.31.jar;C:\Users\juanfe\.m2\repository\org\xmlunit\xmlunit-core\2.9.1\xmlunit-core-2.9.1.jar;C:\Users\juanfe\.m2\repository\junit\junit\4.13.2\junit-4.13.2.jar;C:\Users\juanfe\.m2\repository\org\hamcrest\hamcrest-core\2.2\hamcrest-core-2.2.jar;C:\Users\juanfe\.m2\repository\org\mockito\mockito-core\3.12.4\mockito-core-3.12.4.jar;C:\Users\juanfe\.m2\repository\net\bytebuddy\byte-buddy\1.12.23\byte-buddy-1.12.23.jar;C:\Users\juanfe\.m2\repository\net\bytebuddy\byte-buddy-agent\1.12.23\byte-buddy-agent-1.12.23.jar;C:\Users\juanfe\.m2\repository\org\objenesis\objenesis\3.2\objenesis-3.2.jar;C:\Users\juanfe\.m2\repository\org\springframework\boot\spring-boot-starter-thymeleaf\2.7.18\spring-boot-starter-thymeleaf-2.7.18.jar;C:\Users\juanfe\.m2\repository\org\thymeleaf\thymeleaf-spring5\3.0.15.RELEASE\thymeleaf-spring5-3.0.15.RELEASE.jar;C:\Users\juanfe\.m2\repository\org\thymeleaf\thymeleaf\3.0.15.RELEASE\thymeleaf-3.0.15.RELEASE.jar;C:\Users\juanfe\.m2\repository\org\attoparser\attoparser\2.0.5.RELEASE\attoparser-2.0.5.RELEASE.jar;C:\Users\juanfe\.m2\repository\org\unbescape\unbescape\1.1.6.RELEASE\unbescape-1.1.6.RELEASE.jar;C:\Users\juanfe\.m2\repository\org\thymeleaf\extras\thymeleaf-extras-java8time\3.0.4.RELEASE\thymeleaf-extras-java8time-3.0.4.RELEASE.jar;"/>
    <property name="java.vm.vendor" value="Amazon.com Inc."/>
    <property name="sun.arch.data.model" value="64"/>
    <property name="user.variant" value=""/>
    <property name="java.vendor.url" value="https://aws.amazon.com/corretto/"/>
    <property name="user.timezone" value="America/Buenos_Aires"/>
    <property name="os.name" value="Windows 10"/>
    <property name="java.vm.specification.version" value="17"/>
    <property name="sun.java.launcher" value="SUN_STANDARD"/>
    <property name="user.country" value="AR"/>
    <property name="sun.boot.library.path" value="C:\Users\juanfe\.jdks\corretto-17.0.8\bin"/>
    <property name="sun.java.command" value="C:\Users\juanfe\AppData\Local\Temp\surefire9322910383915907199\surefirebooter751682583193208541.jar C:\Users\juanfe\AppData\Local\Temp\surefire9322910383915907199 2024-07-11T12-04-25_108-jvmRun1 surefire7951843921639924904tmp surefire_06034350894785079828tmp"/>
    <property name="jdk.debug" value="release"/>
    <property name="surefire.test.class.path" value="C:\Users\juanfe\Desktop\Conexa\conexatest\target\test-classes;C:\Users\juanfe\Desktop\Conexa\conexatest\target\classes;C:\Users\juanfe\.m2\repository\org\springframework\boot\spring-boot-starter-data-jpa\2.7.18\spring-boot-starter-data-jpa-2.7.18.jar;C:\Users\juanfe\.m2\repository\org\springframework\boot\spring-boot-starter-aop\2.7.18\spring-boot-starter-aop-2.7.18.jar;C:\Users\juanfe\.m2\repository\org\aspectj\aspectjweaver\1.9.7\aspectjweaver-1.9.7.jar;C:\Users\juanfe\.m2\repository\org\springframework\boot\spring-boot-starter-jdbc\2.7.18\spring-boot-starter-jdbc-2.7.18.jar;C:\Users\juanfe\.m2\repository\com\zaxxer\HikariCP\4.0.3\HikariCP-4.0.3.jar;C:\Users\juanfe\.m2\repository\org\springframework\spring-jdbc\5.3.31\spring-jdbc-5.3.31.jar;C:\Users\juanfe\.m2\repository\jakarta\transaction\jakarta.transaction-api\1.3.3\jakarta.transaction-api-1.3.3.jar;C:\Users\juanfe\.m2\repository\jakarta\persistence\jakarta.persistence-api\2.2.3\jakarta.persistence-api-2.2.3.jar;C:\Users\juanfe\.m2\repository\org\hibernate\hibernate-core\5.6.15.Final\hibernate-core-5.6.15.Final.jar;C:\Users\juanfe\.m2\repository\org\jboss\logging\jboss-logging\3.4.3.Final\jboss-logging-3.4.3.Final.jar;C:\Users\juanfe\.m2\repository\antlr\antlr\2.7.7\antlr-2.7.7.jar;C:\Users\juanfe\.m2\repository\org\jboss\jandex\2.4.2.Final\jandex-2.4.2.Final.jar;C:\Users\juanfe\.m2\repository\com\fasterxml\classmate\1.5.1\classmate-1.5.1.jar;C:\Users\juanfe\.m2\repository\org\hibernate\common\hibernate-commons-annotations\5.1.2.Final\hibernate-commons-annotations-5.1.2.Final.jar;C:\Users\juanfe\.m2\repository\org\glassfish\jaxb\jaxb-runtime\2.3.9\jaxb-runtime-2.3.9.jar;C:\Users\juanfe\.m2\repository\org\glassfish\jaxb\txw2\2.3.9\txw2-2.3.9.jar;C:\Users\juanfe\.m2\repository\com\sun\istack\istack-commons-runtime\3.0.12\istack-commons-runtime-3.0.12.jar;C:\Users\juanfe\.m2\repository\com\sun\activation\jakarta.activation\1.2.2\jakarta.activation-1.2.2.jar;C:\Users\juanfe\.m2\repository\org\springframework\data\spring-data-jpa\2.7.18\spring-data-jpa-2.7.18.jar;C:\Users\juanfe\.m2\repository\org\springframework\data\spring-data-commons\2.7.18\spring-data-commons-2.7.18.jar;C:\Users\juanfe\.m2\repository\org\springframework\spring-orm\5.3.31\spring-orm-5.3.31.jar;C:\Users\juanfe\.m2\repository\org\springframework\spring-context\5.3.31\spring-context-5.3.31.jar;C:\Users\juanfe\.m2\repository\org\springframework\spring-tx\5.3.31\spring-tx-5.3.31.jar;C:\Users\juanfe\.m2\repository\org\springframework\spring-beans\5.3.31\spring-beans-5.3.31.jar;C:\Users\juanfe\.m2\repository\org\slf4j\slf4j-api\1.7.36\slf4j-api-1.7.36.jar;C:\Users\juanfe\.m2\repository\org\springframework\spring-aspects\5.3.31\spring-aspects-5.3.31.jar;C:\Users\juanfe\.m2\repository\org\springframework\boot\spring-boot-starter-web\2.7.18\spring-boot-starter-web-2.7.18.jar;C:\Users\juanfe\.m2\repository\org\springframework\boot\spring-boot-starter\2.7.18\spring-boot-starter-2.7.18.jar;C:\Users\juanfe\.m2\repository\org\springframework\boot\spring-boot-starter-logging\2.7.18\spring-boot-starter-logging-2.7.18.jar;C:\Users\juanfe\.m2\repository\ch\qos\logback\logback-classic\1.2.12\logback-classic-1.2.12.jar;C:\Users\juanfe\.m2\repository\ch\qos\logback\logback-core\1.2.12\logback-core-1.2.12.jar;C:\Users\juanfe\.m2\repository\org\apache\logging\log4j\log4j-to-slf4j\2.17.2\log4j-to-slf4j-2.17.2.jar;C:\Users\juanfe\.m2\repository\org\apache\logging\log4j\log4j-api\2.17.2\log4j-api-2.17.2.jar;C:\Users\juanfe\.m2\repository\org\slf4j\jul-to-slf4j\1.7.36\jul-to-slf4j-1.7.36.jar;C:\Users\juanfe\.m2\repository\jakarta\annotation\jakarta.annotation-api\1.3.5\jakarta.annotation-api-1.3.5.jar;C:\Users\juanfe\.m2\repository\org\yaml\snakeyaml\1.30\snakeyaml-1.30.jar;C:\Users\juanfe\.m2\repository\org\springframework\boot\spring-boot-starter-json\2.7.18\spring-boot-starter-json-2.7.18.jar;C:\Users\juanfe\.m2\repository\com\fasterxml\jackson\core\jackson-databind\2.13.5\jackson-databind-2.13.5.jar;C:\Users\juanfe\.m2\repository\com\fasterxml\jackson\core\jackson-annotations\2.13.5\jackson-annotations-2.13.5.jar;C:\Users\juanfe\.m2\repository\com\fasterxml\jackson\core\jackson-core\2.13.5\jackson-core-2.13.5.jar;C:\Users\juanfe\.m2\repository\com\fasterxml\jackson\datatype\jackson-datatype-jdk8\2.13.5\jackson-datatype-jdk8-2.13.5.jar;C:\Users\juanfe\.m2\repository\com\fasterxml\jackson\datatype\jackson-datatype-jsr310\2.13.5\jackson-datatype-jsr310-2.13.5.jar;C:\Users\juanfe\.m2\repository\com\fasterxml\jackson\module\jackson-module-parameter-names\2.13.5\jackson-module-parameter-names-2.13.5.jar;C:\Users\juanfe\.m2\repository\org\springframework\boot\spring-boot-starter-tomcat\2.7.18\spring-boot-starter-tomcat-2.7.18.jar;C:\Users\juanfe\.m2\repository\org\apache\tomcat\embed\tomcat-embed-core\9.0.83\tomcat-embed-core-9.0.83.jar;C:\Users\juanfe\.m2\repository\org\apache\tomcat\embed\tomcat-embed-el\9.0.83\tomcat-embed-el-9.0.83.jar;C:\Users\juanfe\.m2\repository\org\apache\tomcat\embed\tomcat-embed-websocket\9.0.83\tomcat-embed-websocket-9.0.83.jar;C:\Users\juanfe\.m2\repository\org\springframework\spring-web\5.3.31\spring-web-5.3.31.jar;C:\Users\juanfe\.m2\repository\org\springframework\spring-webmvc\5.3.31\spring-webmvc-5.3.31.jar;C:\Users\juanfe\.m2\repository\org\springframework\spring-expression\5.3.31\spring-expression-5.3.31.jar;C:\Users\juanfe\.m2\repository\org\springframework\boot\spring-boot-starter-webflux\2.7.18\spring-boot-starter-webflux-2.7.18.jar;C:\Users\juanfe\.m2\repository\org\springframework\boot\spring-boot-starter-reactor-netty\2.7.18\spring-boot-starter-reactor-netty-2.7.18.jar;C:\Users\juanfe\.m2\repository\io\projectreactor\netty\reactor-netty-http\1.0.39\reactor-netty-http-1.0.39.jar;C:\Users\juanfe\.m2\repository\io\netty\netty-codec-http\4.1.101.Final\netty-codec-http-4.1.101.Final.jar;C:\Users\juanfe\.m2\repository\io\netty\netty-common\4.1.101.Final\netty-common-4.1.101.Final.jar;C:\Users\juanfe\.m2\repository\io\netty\netty-buffer\4.1.101.Final\netty-buffer-4.1.101.Final.jar;C:\Users\juanfe\.m2\repository\io\netty\netty-transport\4.1.101.Final\netty-transport-4.1.101.Final.jar;C:\Users\juanfe\.m2\repository\io\netty\netty-codec\4.1.101.Final\netty-codec-4.1.101.Final.jar;C:\Users\juanfe\.m2\repository\io\netty\netty-handler\4.1.101.Final\netty-handler-4.1.101.Final.jar;C:\Users\juanfe\.m2\repository\io\netty\netty-codec-http2\4.1.101.Final\netty-codec-http2-4.1.101.Final.jar;C:\Users\juanfe\.m2\repository\io\netty\netty-resolver-dns\4.1.101.Final\netty-resolver-dns-4.1.101.Final.jar;C:\Users\juanfe\.m2\repository\io\netty\netty-resolver\4.1.101.Final\netty-resolver-4.1.101.Final.jar;C:\Users\juanfe\.m2\repository\io\netty\netty-codec-dns\4.1.101.Final\netty-codec-dns-4.1.101.Final.jar;C:\Users\juanfe\.m2\repository\io\netty\netty-resolver-dns-native-macos\4.1.101.Final\netty-resolver-dns-native-macos-4.1.101.Final-osx-x86_64.jar;C:\Users\juanfe\.m2\repository\io\netty\netty-resolver-dns-classes-macos\4.1.101.Final\netty-resolver-dns-classes-macos-4.1.101.Final.jar;C:\Users\juanfe\.m2\repository\io\netty\netty-transport-native-epoll\4.1.101.Final\netty-transport-native-epoll-4.1.101.Final-linux-x86_64.jar;C:\Users\juanfe\.m2\repository\io\netty\netty-transport-native-unix-common\4.1.101.Final\netty-transport-native-unix-common-4.1.101.Final.jar;C:\Users\juanfe\.m2\repository\io\netty\netty-transport-classes-epoll\4.1.101.Final\netty-transport-classes-epoll-4.1.101.Final.jar;C:\Users\juanfe\.m2\repository\io\projectreactor\netty\reactor-netty-core\1.0.39\reactor-netty-core-1.0.39.jar;C:\Users\juanfe\.m2\repository\io\netty\netty-handler-proxy\4.1.101.Final\netty-handler-proxy-4.1.101.Final.jar;C:\Users\juanfe\.m2\repository\io\netty\netty-codec-socks\4.1.101.Final\netty-codec-socks-4.1.101.Final.jar;C:\Users\juanfe\.m2\repository\org\springframework\spring-webflux\5.3.31\spring-webflux-5.3.31.jar;C:\Users\juanfe\.m2\repository\io\projectreactor\reactor-core\3.4.34\reactor-core-3.4.34.jar;C:\Users\juanfe\.m2\repository\org\reactivestreams\reactive-streams\1.0.4\reactive-streams-1.0.4.jar;C:\Users\juanfe\.m2\repository\org\springframework\boot\spring-boot-starter-security\2.7.18\spring-boot-starter-security-2.7.18.jar;C:\Users\juanfe\.m2\repository\org\springframework\spring-aop\5.3.31\spring-aop-5.3.31.jar;C:\Users\juanfe\.m2\repository\org\springframework\security\spring-security-config\5.7.11\spring-security-config-5.7.11.jar;C:\Users\juanfe\.m2\repository\org\springframework\security\spring-security-core\5.7.11\spring-security-core-5.7.11.jar;C:\Users\juanfe\.m2\repository\org\springframework\security\spring-security-crypto\5.7.11\spring-security-crypto-5.7.11.jar;C:\Users\juanfe\.m2\repository\org\springframework\security\spring-security-web\5.7.11\spring-security-web-5.7.11.jar;C:\Users\juanfe\.m2\repository\org\springframework\boot\spring-boot-devtools\2.7.18\spring-boot-devtools-2.7.18.jar;C:\Users\juanfe\.m2\repository\org\springframework\boot\spring-boot\2.7.18\spring-boot-2.7.18.jar;C:\Users\juanfe\.m2\repository\org\springframework\boot\spring-boot-autoconfigure\2.7.18\spring-boot-autoconfigure-2.7.18.jar;C:\Users\juanfe\.m2\repository\org\projectlombok\lombok\1.18.30\lombok-1.18.30.jar;C:\Users\juanfe\.m2\repository\org\springframework\boot\spring-boot-starter-test\2.7.18\spring-boot-starter-test-2.7.18.jar;C:\Users\juanfe\.m2\repository\org\springframework\boot\spring-boot-test\2.7.18\spring-boot-test-2.7.18.jar;C:\Users\juanfe\.m2\repository\org\springframework\boot\spring-boot-test-autoconfigure\2.7.18\spring-boot-test-autoconfigure-2.7.18.jar;C:\Users\juanfe\.m2\repository\com\jayway\jsonpath\json-path\2.7.0\json-path-2.7.0.jar;C:\Users\juanfe\.m2\repository\net\minidev\json-smart\2.4.11\json-smart-2.4.11.jar;C:\Users\juanfe\.m2\repository\net\minidev\accessors-smart\2.4.11\accessors-smart-2.4.11.jar;C:\Users\juanfe\.m2\repository\org\ow2\asm\asm\9.3\asm-9.3.jar;C:\Users\juanfe\.m2\repository\jakarta\xml\bind\jakarta.xml.bind-api\2.3.3\jakarta.xml.bind-api-2.3.3.jar;C:\Users\juanfe\.m2\repository\jakarta\activation\jakarta.activation-api\1.2.2\jakarta.activation-api-1.2.2.jar;C:\Users\juanfe\.m2\repository\org\assertj\assertj-core\3.22.0\assertj-core-3.22.0.jar;C:\Users\juanfe\.m2\repository\org\hamcrest\hamcrest\2.2\hamcrest-2.2.jar;C:\Users\juanfe\.m2\repository\org\junit\jupiter\junit-jupiter\5.8.2\junit-jupiter-5.8.2.jar;C:\Users\juanfe\.m2\repository\org\junit\jupiter\junit-jupiter-api\5.8.2\junit-jupiter-api-5.8.2.jar;C:\Users\juanfe\.m2\repository\org\opentest4j\opentest4j\1.2.0\opentest4j-1.2.0.jar;C:\Users\juanfe\.m2\repository\org\junit\platform\junit-platform-commons\1.8.2\junit-platform-commons-1.8.2.jar;C:\Users\juanfe\.m2\repository\org\apiguardian\apiguardian-api\1.1.2\apiguardian-api-1.1.2.jar;C:\Users\juanfe\.m2\repository\org\junit\jupiter\junit-jupiter-params\5.8.2\junit-jupiter-params-5.8.2.jar;C:\Users\juanfe\.m2\repository\org\junit\jupiter\junit-jupiter-engine\5.8.2\junit-jupiter-engine-5.8.2.jar;C:\Users\juanfe\.m2\repository\org\junit\platform\junit-platform-engine\1.8.2\junit-platform-engine-1.8.2.jar;C:\Users\juanfe\.m2\repository\org\mockito\mockito-junit-jupiter\4.5.1\mockito-junit-jupiter-4.5.1.jar;C:\Users\juanfe\.m2\repository\org\skyscreamer\jsonassert\1.5.1\jsonassert-1.5.1.jar;C:\Users\juanfe\.m2\repository\com\vaadin\external\google\android-json\0.0.20131108.vaadin1\android-json-0.0.20131108.vaadin1.jar;C:\Users\juanfe\.m2\repository\org\springframework\spring-core\5.3.31\spring-core-5.3.31.jar;C:\Users\juanfe\.m2\repository\org\springframework\spring-jcl\5.3.31\spring-jcl-5.3.31.jar;C:\Users\juanfe\.m2\repository\org\springframework\spring-test\5.3.31\spring-test-5.3.31.jar;C:\Users\juanfe\.m2\repository\org\xmlunit\xmlunit-core\2.9.1\xmlunit-core-2.9.1.jar;C:\Users\juanfe\.m2\repository\junit\junit\4.13.2\junit-4.13.2.jar;C:\Users\juanfe\.m2\repository\org\hamcrest\hamcrest-core\2.2\hamcrest-core-2.2.jar;C:\Users\juanfe\.m2\repository\org\mockito\mockito-core\3.12.4\mockito-core-3.12.4.jar;C:\Users\juanfe\.m2\repository\net\bytebuddy\byte-buddy\1.12.23\byte-buddy-1.12.23.jar;C:\Users\juanfe\.m2\repository\net\bytebuddy\byte-buddy-agent\1.12.23\byte-buddy-agent-1.12.23.jar;C:\Users\juanfe\.m2\repository\org\objenesis\objenesis\3.2\objenesis-3.2.jar;C:\Users\juanfe\.m2\repository\org\springframework\boot\spring-boot-starter-thymeleaf\2.7.18\spring-boot-starter-thymeleaf-2.7.18.jar;C:\Users\juanfe\.m2\repository\org\thymeleaf\thymeleaf-spring5\3.0.15.RELEASE\thymeleaf-spring5-3.0.15.RELEASE.jar;C:\Users\juanfe\.m2\repository\org\thymeleaf\thymeleaf\3.0.15.RELEASE\thymeleaf-3.0.15.RELEASE.jar;C:\Users\juanfe\.m2\repository\org\attoparser\attoparser\2.0.5.RELEASE\attoparser-2.0.5.RELEASE.jar;C:\Users\juanfe\.m2\repository\org\unbescape\unbescape\1.1.6.RELEASE\unbescape-1.1.6.RELEASE.jar;C:\Users\juanfe\.m2\repository\org\thymeleaf\extras\thymeleaf-extras-java8time\3.0.4.RELEASE\thymeleaf-extras-java8time-3.0.4.RELEASE.jar;"/>
    <property name="sun.cpu.endian" value="little"/>
    <property name="user.home" value="C:\Users\juanfe"/>
    <property name="user.language" value="es"/>
    <property name="java.specification.vendor" value="Oracle Corporation"/>
    <property name="java.version.date" value="2023-07-18"/>
    <property name="java.home" value="C:\Users\juanfe\.jdks\corretto-17.0.8"/>
    <property name="file.separator" value="\"/>
    <property name="basedir" value="C:\Users\juanfe\Desktop\Conexa\conexatest"/>
    <property name="java.vm.compressedOopsMode" value="Zero based"/>
    <property name="line.separator" value="&#10;"/>
    <property name="java.vm.specification.vendor" value="Oracle Corporation"/>
    <property name="java.specification.name" value="Java Platform API Specification"/>
    <property name="surefire.real.class.path" value="C:\Users\juanfe\AppData\Local\Temp\surefire9322910383915907199\surefirebooter751682583193208541.jar"/>
    <property name="user.script" value=""/>
    <property name="sun.management.compiler" value="HotSpot 64-Bit Tiered Compilers"/>
    <property name="java.runtime.version" value="17.0.8+7-LTS"/>
    <property name="user.name" value="juanfe"/>
    <property name="path.separator" value=";"/>
    <property name="os.version" value="10.0"/>
    <property name="java.runtime.name" value="OpenJDK Runtime Environment"/>
    <property name="file.encoding" value="Cp1252"/>
    <property name="java.vm.name" value="OpenJDK 64-Bit Server VM"/>
    <property name="java.vendor.version" value="Corretto-17.0.8.7.1"/>
    <property name="localRepository" value="C:\Users\juanfe\.m2\repository"/>
    <property name="java.vendor.url.bug" value="https://github.com/corretto/corretto-17/issues/"/>
    <property name="java.io.tmpdir" value="C:\Users\juanfe\AppData\Local\Temp\"/>
    <property name="idea.version" value="2023.2.1"/>
    <property name="java.version" value="17.0.8"/>
    <property name="user.dir" value="C:\Users\juanfe\Desktop\Conexa\conexatest"/>
    <property name="os.arch" value="amd64"/>
    <property name="java.vm.specification.name" value="Java Virtual Machine Specification"/>
    <property name="sun.os.patch.level" value=""/>
    <property name="native.encoding" value="Cp1252"/>
    <property name="java.library.path" value="C:\Users\juanfe\.jdks\corretto-17.0.8\bin;C:\Windows\Sun\Java\bin;C:\Windows\system32;C:\Windows;C:\oracleXE\dbhomeXE\bin;C:\app\juanfe\product\21c\dbhomeXE\bin;C:\Program Files\Common Files\Oracle\Java\javapath;C:\Program Files (x86)\Common Files\Oracle\Java\java8path;C:\Program Files (x86)\Common Files\Oracle\Java\javapath;C:\Python39\Scripts\;C:\Python39\;C:\Windows\system32;C:\Windows;C:\Windows\System32\Wbem;C:\Windows\System32\WindowsPowerShell\v1.0\;C:\Windows\System32\OpenSSH\;C:\Program Files\NVIDIA Corporation\NVIDIA NvDLISR;C:\Program Files (x86)\NVIDIA Corporation\PhysX\Common;C:\ProgramData\chocolatey\bin;C:\Program Files\Git\cmd;C:\Program Files\Java\jdk-11.0.10;C:\Users\juanfe\Desktop\juanfe\apache-maven-3.8.6\bin;C:\Users\juanfe\AppData\Roaming\nvm;C:\Program Files\nodejs;C:\Program Files\nodejs\;C:\Users\juanfe\AppData\Local\Microsoft\WindowsApps;C:\Users\juanfe\AppData\Local\GitHubDesktop\bin;C:\Users\juanfe\AppData\Local\Programs\Microsoft VS Code\bin;C:\Users\juanfe\AppData\Roaming\nvm;C:\Program Files\nodejs;C:\Program Files\JetBrains\IntelliJ IDEA 2023.2.1\bin;;C:\Users\juanfe\AppData\Roaming\Python\Python39\scripts;C:\Users\juanfe\AppData\Roaming\Python\Python39;C:\Users\juanfe\AppData\Roaming\npm;."/>
    <property name="java.vm.info" value="mixed mode, sharing"/>
    <property name="java.vendor" value="Amazon.com Inc."/>
    <property name="java.vm.version" value="17.0.8+7-LTS"/>
    <property name="sun.io.unicode.encoding" value="UnicodeLittle"/>
    <property name="java.class.version" value="61.0"/>
  </properties>
  <testcase name="testGetFilms" classname="com.example.conexatest.conexatest.FilmServiceTest" time="0.529">
    <error message="&#10;Failed to release mocks&#10;&#10;This should not happen unless you are using a third-party mock maker" type="org.mockito.exceptions.base.MockitoException">org.mockito.exceptions.base.MockitoException: 

Failed to release mocks

This should not happen unless you are using a third-party mock maker
	at com.example.conexatest.conexatest.FilmServiceTest.setUp(FilmServiceTest.java:45)
Caused by: org.mockito.exceptions.misusing.InjectMocksException: 

Cannot instantiate @InjectMocks field named 'filmService' of type 'class com.example.conexatest.conexatest.service.FilmService'.
You haven't provided the instance at field declaration so I tried to construct the instance.
However the constructor or the initialization block threw an exception : Cannot invoke "org.springframework.web.reactive.function.client.WebClient$Builder.build()" because the return value of "org.springframework.web.reactive.function.client.WebClient$Builder.baseUrl(String)" is null

	at com.example.conexatest.conexatest.FilmServiceTest.setUp(FilmServiceTest.java:45)
Caused by: java.lang.NullPointerException: Cannot invoke "org.springframework.web.reactive.function.client.WebClient$Builder.build()" because the return value of "org.springframework.web.reactive.function.client.WebClient$Builder.baseUrl(String)" is null
	at com.example.conexatest.conexatest.FilmServiceTest.setUp(FilmServiceTest.java:45)
</error>
  </testcase>
  <testcase name="testGetFilmsWithNameOrId" classname="com.example.conexatest.conexatest.FilmServiceTest" time="0">
    <error message="&#10;Failed to release mocks&#10;&#10;This should not happen unless you are using a third-party mock maker" type="org.mockito.exceptions.base.MockitoException">org.mockito.exceptions.base.MockitoException: 

Failed to release mocks

This should not happen unless you are using a third-party mock maker
	at com.example.conexatest.conexatest.FilmServiceTest.setUp(FilmServiceTest.java:45)
Caused by: org.mockito.exceptions.misusing.InjectMocksException: 

Cannot instantiate @InjectMocks field named 'filmService' of type 'class com.example.conexatest.conexatest.service.FilmService'.
You haven't provided the instance at field declaration so I tried to construct the instance.
However the constructor or the initialization block threw an exception : Cannot invoke "org.springframework.web.reactive.function.client.WebClient$Builder.build()" because the return value of "org.springframework.web.reactive.function.client.WebClient$Builder.baseUrl(String)" is null

	at com.example.conexatest.conexatest.FilmServiceTest.setUp(FilmServiceTest.java:45)
Caused by: java.lang.NullPointerException: Cannot invoke "org.springframework.web.reactive.function.client.WebClient$Builder.build()" because the return value of "org.springframework.web.reactive.function.client.WebClient$Builder.baseUrl(String)" is null
	at com.example.conexatest.conexatest.FilmServiceTest.setUp(FilmServiceTest.java:45)
</error>
  </testcase>
  <testcase name="testGetFilmsById" classname="com.example.conexatest.conexatest.FilmServiceTest" time="0.001">
    <error message="&#10;Failed to release mocks&#10;&#10;This should not happen unless you are using a third-party mock maker" type="org.mockito.exceptions.base.MockitoException">org.mockito.exceptions.base.MockitoException: 

Failed to release mocks

This should not happen unless you are using a third-party mock maker
	at com.example.conexatest.conexatest.FilmServiceTest.setUp(FilmServiceTest.java:45)
Caused by: org.mockito.exceptions.misusing.InjectMocksException: 

Cannot instantiate @InjectMocks field named 'filmService' of type 'class com.example.conexatest.conexatest.service.FilmService'.
You haven't provided the instance at field declaration so I tried to construct the instance.
However the constructor or the initialization block threw an exception : Cannot invoke "org.springframework.web.reactive.function.client.WebClient$Builder.build()" because the return value of "org.springframework.web.reactive.function.client.WebClient$Builder.baseUrl(String)" is null

	at com.example.conexatest.conexatest.FilmServiceTest.setUp(FilmServiceTest.java:45)
Caused by: java.lang.NullPointerException: Cannot invoke "org.springframework.web.reactive.function.client.WebClient$Builder.build()" because the return value of "org.springframework.web.reactive.function.client.WebClient$Builder.baseUrl(String)" is null
	at com.example.conexatest.conexatest.FilmServiceTest.setUp(FilmServiceTest.java:45)
</error>
  </testcase>
  <testcase name="testGetFilmsByIdNotFound" classname="com.example.conexatest.conexatest.FilmServiceTest" time="0.001">
    <error message="&#10;Failed to release mocks&#10;&#10;This should not happen unless you are using a third-party mock maker" type="org.mockito.exceptions.base.MockitoException">org.mockito.exceptions.base.MockitoException: 

Failed to release mocks

This should not happen unless you are using a third-party mock maker
	at com.example.conexatest.conexatest.FilmServiceTest.setUp(FilmServiceTest.java:45)
Caused by: org.mockito.exceptions.misusing.InjectMocksException: 

Cannot instantiate @InjectMocks field named 'filmService' of type 'class com.example.conexatest.conexatest.service.FilmService'.
You haven't provided the instance at field declaration so I tried to construct the instance.
However the constructor or the initialization block threw an exception : Cannot invoke "org.springframework.web.reactive.function.client.WebClient$Builder.build()" because the return value of "org.springframework.web.reactive.function.client.WebClient$Builder.baseUrl(String)" is null

	at com.example.conexatest.conexatest.FilmServiceTest.setUp(FilmServiceTest.java:45)
Caused by: java.lang.NullPointerException: Cannot invoke "org.springframework.web.reactive.function.client.WebClient$Builder.build()" because the return value of "org.springframework.web.reactive.function.client.WebClient$Builder.baseUrl(String)" is null
	at com.example.conexatest.conexatest.FilmServiceTest.setUp(FilmServiceTest.java:45)
</error>
  </testcase>
</testsuite>